<?xml version="1.0" encoding="UTF-8"?>
<testsuite name="com.petadoptionapi.pet_adoption_api.integration.AuthControllerIntegrationTest" tests="2" skipped="0" failures="0" errors="0" timestamp="2025-06-19T12:59:11.619Z" hostname="CO000MMP939VV2T" time="0.658">
  <properties/>
  <testcase name="Login gets token correctly()" classname="com.petadoptionapi.pet_adoption_api.integration.AuthControllerIntegrationTest" time="0.569"/>
  <testcase name="Login returns 404 for non-existent user()" classname="com.petadoptionapi.pet_adoption_api.integration.AuthControllerIntegrationTest" time="0.088"/>
  <system-out><![CDATA[2025-06-19T07:59:09.729-05:00  INFO 82989 --- [    Test worker] t.c.s.AnnotationConfigContextLoaderUtils : Could not detect default configuration classes for test class [com.petadoptionapi.pet_adoption_api.integration.AuthControllerIntegrationTest]: AuthControllerIntegrationTest does not declare any static, non-private, non-final, nested classes annotated with @Configuration.
2025-06-19T07:59:09.737-05:00  INFO 82989 --- [    Test worker] .b.t.c.SpringBootTestContextBootstrapper : Found @SpringBootConfiguration com.petadoptionapi.pet_adoption_api.PetAdoptionApiApplication for test class com.petadoptionapi.pet_adoption_api.integration.AuthControllerIntegrationTest

  .   ____          _            __ _ _
 /\\ / ___'_ __ _ _(_)_ __  __ _ \ \ \ \
( ( )\___ | '_ | '_| | '_ \/ _` | \ \ \ \
 \\/  ___)| |_)| | | | | || (_| |  ) ) ) )
  '  |____| .__|_| |_|_| |_\__, | / / / /
 =========|_|==============|___/=/_/_/_/

 :: Spring Boot ::                (v3.5.0)

2025-06-19T07:59:09.754-05:00  INFO 82989 --- [    Test worker] c.p.p.i.AuthControllerIntegrationTest    : Starting AuthControllerIntegrationTest using Java 21.0.7 with PID 82989 (started by eargoty in /Users/eargoty/Documents/TechnicalTest/pet-adoption-api)
2025-06-19T07:59:09.754-05:00  INFO 82989 --- [    Test worker] c.p.p.i.AuthControllerIntegrationTest    : No active profile set, falling back to 1 default profile: "default"
2025-06-19T07:59:09.851-05:00  INFO 82989 --- [    Test worker] .s.d.r.c.RepositoryConfigurationDelegate : Bootstrapping Spring Data JPA repositories in DEFAULT mode.
2025-06-19T07:59:09.859-05:00  INFO 82989 --- [    Test worker] .s.d.r.c.RepositoryConfigurationDelegate : Finished Spring Data repository scanning in 7 ms. Found 2 JPA repository interfaces.
2025-06-19T07:59:09.918-05:00  INFO 82989 --- [    Test worker] o.hibernate.jpa.internal.util.LogHelper  : HHH000204: Processing PersistenceUnitInfo [name: default]
2025-06-19T07:59:09.919-05:00  INFO 82989 --- [    Test worker] o.h.c.internal.RegionFactoryInitiator    : HHH000026: Second-level cache disabled
2025-06-19T07:59:09.923-05:00  INFO 82989 --- [    Test worker] o.s.o.j.p.SpringPersistenceUnitInfo      : No LoadTimeWeaver setup: ignoring JPA class transformer
2025-06-19T07:59:09.924-05:00  INFO 82989 --- [    Test worker] com.zaxxer.hikari.HikariDataSource       : HikariPool-2 - Starting...
2025-06-19T07:59:10.020-05:00  INFO 82989 --- [    Test worker] com.zaxxer.hikari.pool.HikariPool        : HikariPool-2 - Added connection conn0: url=jdbc:h2:mem:integrationtest user=ADMIN
2025-06-19T07:59:10.021-05:00  INFO 82989 --- [    Test worker] com.zaxxer.hikari.HikariDataSource       : HikariPool-2 - Start completed.
2025-06-19T07:59:10.050-05:00  INFO 82989 --- [    Test worker] org.hibernate.orm.connections.pooling    : HHH10001005: Database info:
	Database JDBC URL [Connecting through datasource 'HikariDataSource (HikariPool-2)']
	Database driver: undefined/unknown
	Database version: 2.3.232
	Autocommit mode: undefined/unknown
	Isolation level: undefined/unknown
	Minimum pool size: undefined/unknown
	Maximum pool size: undefined/unknown
2025-06-19T07:59:10.459-05:00  INFO 82989 --- [    Test worker] o.h.e.t.j.p.i.JtaPlatformInitiator       : HHH000489: No JTA platform available (set 'hibernate.transaction.jta.platform' to enable JTA platform integration)
2025-06-19T07:59:10.477-05:00  INFO 82989 --- [    Test worker] j.LocalContainerEntityManagerFactoryBean : Initialized JPA EntityManagerFactory for persistence unit 'default'
2025-06-19T07:59:11.122-05:00  WARN 82989 --- [    Test worker] JpaBaseConfiguration$JpaWebConfiguration : spring.jpa.open-in-view is enabled by default. Therefore, database queries may be performed during view rendering. Explicitly configure spring.jpa.open-in-view to disable this warning
2025-06-19T07:59:11.567-05:00  INFO 82989 --- [    Test worker] o.s.b.t.m.w.SpringBootMockServletContext : Initializing Spring TestDispatcherServlet ''
2025-06-19T07:59:11.567-05:00  INFO 82989 --- [    Test worker] o.s.t.web.servlet.TestDispatcherServlet  : Initializing Servlet ''
2025-06-19T07:59:11.569-05:00  INFO 82989 --- [    Test worker] o.s.t.web.servlet.TestDispatcherServlet  : Completed initialization in 1 ms
2025-06-19T07:59:11.593-05:00  INFO 82989 --- [    Test worker] c.p.p.i.AuthControllerIntegrationTest    : Started AuthControllerIntegrationTest in 1.844 seconds (process running for 4.679)
LoginRequestDto(email=admin@test.com, password=admin123)
Se retorno el usuario
LoginRequestDto(email=nonexistent@test.com, password=admin123)
2025-06-19T07:59:12.273-05:00 ERROR 82989 --- [    Test worker] c.p.p.e.h.ControllerExceptionHandler     : There was an error [response_status=404] [error=com.petadoptionapi.pet_adoption_api.exceptions.NotFoundException: User was not found]
]]></system-out>
  <system-err><![CDATA[Mockito is currently self-attaching to enable the inline-mock-maker. This will no longer work in future releases of the JDK. Please add Mockito as an agent to your build as described in Mockito's documentation: https://javadoc.io/doc/org.mockito/mockito-core/latest/org.mockito/org/mockito/Mockito.html#0.3
WARNING: A Java agent has been loaded dynamically (/Users/eargoty/.gradle/caches/modules-2/files-2.1/net.bytebuddy/byte-buddy-agent/1.17.5/58f9507f5f28d1d3e7adfb4ec2fe37c29d332c9b/byte-buddy-agent-1.17.5.jar)
WARNING: If a serviceability tool is in use, please run with -XX:+EnableDynamicAgentLoading to hide this warning
WARNING: If a serviceability tool is not in use, please run with -Djdk.instrument.traceUsage for more information
WARNING: Dynamic loading of agents will be disallowed by default in a future release
]]></system-err>
</testsuite>
